\BOOKMARK [1][-]{section.1}{\376\377\000D\000e\000s\000c\000r\000i\000p\000t\000i\000o\000n}{}% 1
\BOOKMARK [1][-]{section.2}{\376\377\000I\000n\000s\000t\000a\000l\000l\000a\000t\000i\000o\000n}{}% 2
\BOOKMARK [2][-]{subsection.2.1}{\376\377\000I\000n\000s\000t\000a\000l\000l\000\040\000C\000o\000m\000m\000a\000n\000d\000s\000:\000\040}{section.2}% 3
\BOOKMARK [2][-]{subsection.2.2}{\376\377\000U\000n\000i\000n\000s\000t\000a\000l\000l\000\040\000C\000o\000m\000m\000a\000n\000d\000s\000:\000\040}{section.2}% 4
\BOOKMARK [2][-]{subsection.2.3}{\376\377\000W\000o\000r\000k\000s\000p\000a\000c\000e\000\040\000S\000e\000t\000u\000p}{section.2}% 5
\BOOKMARK [3][-]{subsubsection.2.3.1}{\376\377\000S\000o\000u\000r\000c\000e\000\040\000C\000o\000m\000m\000a\000n\000d\000:\000\040}{subsection.2.3}% 6
\BOOKMARK [1][-]{section.3}{\376\377\000C\000o\000m\000m\000a\000n\000d\000\040\000L\000i\000n\000e\000\040\000T\000o\000o\000l\000s}{}% 7
\BOOKMARK [2][-]{subsection.3.1}{\376\377\000F\000o\000r\000m\000a\000t}{section.3}% 8
\BOOKMARK [2][-]{subsection.3.2}{\376\377\000C\000o\000m\000m\000o\000n\000\040\000R\000O\000S\000\040\0002\000\040\000C\000o\000m\000m\000a\000n\000d\000s}{section.3}% 9
\BOOKMARK [2][-]{subsection.3.3}{\376\377\000R\000O\000S\000\040\0002\000\040\000D\000o\000c\000t\000o\000r}{section.3}% 10
\BOOKMARK [1][-]{section.4}{\376\377\000R\000O\000S\000\040\0002\000\040\000O\000v\000e\000r\000v\000i\000e\000w}{}% 11
\BOOKMARK [2][-]{subsection.4.1}{\376\377\000N\000o\000d\000e\000s}{section.4}% 12
\BOOKMARK [2][-]{subsection.4.2}{\376\377\000P\000u\000b\000l\000i\000s\000h\000e\000r\000s\000\040\000\046\000\040\000S\000u\000b\000s\000c\000r\000i\000b\000e\000r\000s}{section.4}% 13
\BOOKMARK [3][-]{subsubsection.4.2.1}{\376\377\000T\000o\000p\000i\000c\000s}{subsection.4.2}% 14
\BOOKMARK [3][-]{subsubsection.4.2.2}{\376\377\000M\000e\000s\000s\000a\000g\000e\000s}{subsection.4.2}% 15
\BOOKMARK [3][-]{subsubsection.4.2.3}{\376\377\000R\000e\000c\000a\000p}{subsection.4.2}% 16
\BOOKMARK [2][-]{subsection.4.3}{\376\377\000S\000e\000r\000v\000i\000c\000e\000s\000\040\000a\000n\000d\000\040\000C\000l\000i\000e\000n\000t\000s}{section.4}% 17
\BOOKMARK [2][-]{subsection.4.4}{\376\377\000A\000d\000d\000i\000t\000i\000o\000n\000a\000l\000\040\000F\000e\000a\000t\000u\000r\000e\000s}{section.4}% 18
\BOOKMARK [3][-]{subsubsection.4.4.1}{\376\377\000P\000a\000r\000a\000m\000e\000t\000e\000r\000s}{subsection.4.4}% 19
\BOOKMARK [3][-]{subsubsection.4.4.2}{\376\377\000t\000f\0002}{subsection.4.4}% 20
\BOOKMARK [3][-]{subsubsection.4.4.3}{\376\377\000U\000R\000D\000F\000\040\000\050\000U\000n\000i\000f\000i\000e\000d\000\040\000R\000o\000b\000o\000t\000i\000c\000s\000\040\000D\000e\000s\000c\000r\000i\000p\000t\000i\000o\000n\000\040\000F\000o\000r\000m\000a\000t\000\051}{subsection.4.4}% 21
\BOOKMARK [3][-]{subsubsection.4.4.4}{\376\377\000Q\000u\000a\000l\000i\000t\000y\000\040\000o\000f\000\040\000S\000e\000r\000v\000i\000c\000e\000\040\000s\000e\000t\000t\000i\000n\000g\000s}{subsection.4.4}% 22
\BOOKMARK [2][-]{subsection.4.5}{\376\377\000A\000c\000t\000i\000o\000n\000s}{section.4}% 23
\BOOKMARK [3][-]{subsubsection.4.5.1}{\376\377\000D\000e\000f\000i\000n\000i\000n\000g\000\040\000a\000n\000\040\000a\000c\000t\000i\000o\000n}{subsection.4.5}% 24
\BOOKMARK [3][-]{subsubsection.4.5.2}{\376\377\000C\000r\000e\000a\000t\000i\000n\000g\000\040\000A\000c\000t\000i\000o\000n\000\040\000S\000e\000r\000v\000e\000r\000s\000\040\000a\000n\000d\000\040\000C\000l\000i\000e\000n\000t\000s}{subsection.4.5}% 25
\BOOKMARK [2][-]{subsection.4.6}{\376\377\000L\000a\000u\000n\000c\000h\000\040\000F\000i\000l\000e\000s}{section.4}% 26
\BOOKMARK [3][-]{subsubsection.4.6.1}{\376\377\000C\000r\000e\000a\000t\000i\000n\000g\000\040\000L\000a\000u\000n\000c\000h\000\040\000F\000i\000l\000e\000s}{subsection.4.6}% 27
\BOOKMARK [3][-]{subsubsection.4.6.2}{\376\377\000W\000r\000i\000t\000i\000n\000g\000\040\000P\000y\000t\000h\000o\000n\000\040\000L\000a\000u\000n\000c\000h\000\040\000F\000i\000l\000e}{subsection.4.6}% 28
\BOOKMARK [1][-]{section.5}{\376\377\000T\000u\000t\000o\000r\000i\000a\000l\000\040\000P\000r\000o\000j\000e\000c\000t}{}% 29
\BOOKMARK [2][-]{subsection.5.1}{\376\377\000P\000r\000o\000j\000e\000c\000t\000\040\000O\000v\000e\000r\000v\000i\000e\000w}{section.5}% 30
\BOOKMARK [2][-]{subsection.5.2}{\376\377\000G\000e\000t\000t\000i\000n\000g\000\040\000S\000t\000a\000r\000t\000e\000d}{section.5}% 31
\BOOKMARK [2][-]{subsection.5.3}{\376\377\000I\000n\000g\000r\000e\000d\000i\000e\000n\000t\000s\000:\000\040\000P\000u\000b\000l\000i\000s\000h\000e\000r\000s\000\040\000a\000n\000d\000\040\000S\000u\000b\000s\000c\000r\000i\000b\000e\000r\000s}{section.5}% 32
\BOOKMARK [2][-]{subsection.5.4}{\376\377\000C\000u\000s\000t\000o\000m\000e\000r\000\040\000O\000r\000d\000e\000r\000:\000\040\000S\000e\000r\000v\000i\000c\000e\000s\000\040\000a\000n\000d\000\040\000C\000l\000i\000e\000n\000t\000s}{section.5}% 33
\BOOKMARK [3][-]{subsubsection.5.4.1}{\376\377\000B\000u\000i\000l\000d\000i\000n\000g\000\040\000a\000\040\000p\000i\000z\000z\000a}{subsection.5.4}% 34
\BOOKMARK [2][-]{subsection.5.5}{\376\377\000U\000s\000i\000n\000g\000\040\000A\000c\000t\000i\000o\000n\000s\000:\000\040\000D\000e\000l\000i\000v\000e\000r\000y\000\040\000M\000a\000n}{section.5}% 35
